<html>
<body>
<pre>
<h1>µVision Build Log</h1>
<h2>Tool Versions:</h2>
IDE-Version: ¦ÌVision V5.27.1.0
Copyright (C) 2019 ARM Ltd and ARM Germany GmbH. All rights reserved.
License Information: 1 lenovo, 1, LIC=65ISZ-JIYB2-GKRBG-V4LVW-EJBC5-I66T6
 
Tool Versions:
Toolchain:       MDK-ARM Plus  Version: 5.27.1.0
Toolchain Path:  C:\Keil_v5\ARM\ARMCC\Bin
C Compiler:      Armcc.exe V5.06 update 6 (build 750)
Assembler:       Armasm.exe V5.06 update 6 (build 750)
Linker/Locator:  ArmLink.exe V5.06 update 6 (build 750)
Library Manager: ArmAr.exe V5.06 update 6 (build 750)
Hex Converter:   FromElf.exe V5.06 update 6 (build 750)
CPU DLL:         SARMCM3.DLL V5.27.1.0
Dialog DLL:      DCM.DLL V1.17.2.0
Target DLL:      UL2CM3.DLL V1.162.15.0
Dialog DLL:      TCM.DLL V1.36.1.0
 
<h2>Project:</h2>
C:\Users\lenovo\Desktop\C_Cpp\Patrol-electromagnetic-cannons\STM32\USER\LED.uvprojx
Project File Date:  09/05/2024

<h2>Output:</h2>
*** Using Compiler 'V5.06 update 6 (build 750)', folder: 'C:\Keil_v5\ARM\ARMCC\Bin'
Build target 'LED'
compiling hardware_usart.c...
..\HARDWARE\usart\hardware_usart.c(32): error:  #29: expected an expression
  	.receive_ok_flag=0,
..\HARDWARE\usart\hardware_usart.c(33): error:  #29: expected an expression
  	.counter=0,
..\HARDWARE\usart\hardware_usart.c(34): error:  #29: expected an expression
  	.send_byte = send_byte_to_usart4,
..\HARDWARE\usart\hardware_usart.c(35): error:  #29: expected an expression
  	.send_string = send_string_to_usart4,
..\HARDWARE\usart\hardware_usart.c(36): error:  #29: expected an expression
  	.initialize=initialize_usart4,
..\HARDWARE\usart\hardware_usart.c(37): error:  #29: expected an expression
  	.printf=my_printf4,
..\HARDWARE\usart\hardware_usart.c(38): error:  #29: expected an expression
  	.send_buffer = send_buffer4
..\HARDWARE\usart\hardware_usart.c(42): error:  #29: expected an expression
  	.receive_ok_flag=0,
..\HARDWARE\usart\hardware_usart.c(43): error:  #29: expected an expression
  	.counter=0,
..\HARDWARE\usart\hardware_usart.c(44): error:  #29: expected an expression
  	.send_byte = send_byte_to_usart2,
..\HARDWARE\usart\hardware_usart.c(45): error:  #29: expected an expression
  	.send_string = send_string_to_usart2,
..\HARDWARE\usart\hardware_usart.c(46): error:  #29: expected an expression
  	.initialize=initialize_usart2,
..\HARDWARE\usart\hardware_usart.c(47): error:  #29: expected an expression
  	.printf=my_printf2,
..\HARDWARE\usart\hardware_usart.c(48): error:  #29: expected an expression
  	.send_buffer = send_buffer2
..\HARDWARE\usart\hardware_usart.c(66): warning:  #177-D: function "initialize_usart4"  was declared but never referenced
  static int initialize_usart4(unsigned long int baudrate)
..\HARDWARE\usart\hardware_usart.c(219): warning:  #177-D: function "my_printf4"  was declared but never referenced
  static int my_printf4(const char * fmt,...)             		                    //????4???
..\HARDWARE\usart\hardware_usart.c(123): warning:  #177-D: function "send_buffer4"  was declared but never referenced
  static int send_buffer4(void * buf,int len)                                  
..\HARDWARE\usart\hardware_usart.c(250): warning:  #177-D: function "initialize_usart2"  was declared but never referenced
  static int initialize_usart2(unsigned long int baudrate)
..\HARDWARE\usart\hardware_usart.c(403): warning:  #177-D: function "my_printf2"  was declared but never referenced
  static int my_printf2(const char * fmt,...)             		                    //????2???
..\HARDWARE\usart\hardware_usart.c(307): warning:  #177-D: function "send_buffer2"  was declared but never referenced
  static int send_buffer2(void * buf,int len)                                  
..\HARDWARE\usart\hardware_usart.c: 6 warnings, 14 errors
"..\OBJ\LED.axf" - 14 Error(s), 6 Warning(s).

<h2>Software Packages used:</h2>

Package Vendor: Keil
                https://www.keil.com/pack/Keil.STM32F4xx_DFP.2.17.1.pack
                Keil.STM32F4xx_DFP.2.17.1
                STMicroelectronics STM32F4 Series Device Support, Drivers and Examples

<h2>Collection of Component include folders:</h2>
  .\RTE\_LED
  C:\Users\lenovo\AppData\Local\Arm\Packs\Keil\STM32F4xx_DFP\2.17.1\Drivers\CMSIS\Device\ST\STM32F4xx\Include

<h2>Collection of Component Files used:</h2>
Target not created.
Build Time Elapsed:  00:00:01
</pre>
</body>
</html>
